<?xml version="1.0" encoding="UTF-8"?>
<!-- Generated by org.testng.reporters.JUnitReportReporter -->
<testsuite hostname="raifa" failures="0" tests="3" name="testng.Crossbrowser" time="3.730" errors="0" timestamp="2023-09-20T13:02:10 IST" skipped="0">
  <testcase classname="testng.Crossbrowser" name="fb" time="0.982"/>
  <testcase classname="testng.Crossbrowser" name="fb" time="1.045"/>
  <testcase classname="testng.Crossbrowser" name="fb" time="1.703"/>
</testsuite> <!-- testng.Crossbrowser -->
