<?xml version="1.0" encoding="UTF-8"?>
<!-- Generated by org.testng.reporters.JUnitReportReporter -->
<testsuite hostname="raifa" failures="0" tests="1" name="testng.Loginapache" time="18.777" errors="0" timestamp="2023-09-27T13:10:18 IST" skipped="0">
  <testcase classname="testng.Loginapache" name="test1" time="18.777"/>
</testsuite> <!-- testng.Loginapache -->
