<?xml version="1.0" encoding="UTF-8"?>
<!-- Generated by org.testng.reporters.JUnitReportReporter -->
<testsuite hostname="raifa" failures="0" tests="1" name="testng.Scrolldown" time="2.445" errors="0" timestamp="2023-09-26T17:50:43 IST" skipped="0">
  <testcase classname="testng.Scrolldown" name="test1" time="2.445"/>
</testsuite> <!-- testng.Scrolldown -->
