<?xml version="1.0" encoding="UTF-8"?>
<!-- Generated by org.testng.reporters.JUnitReportReporter -->
<testsuite hostname="raifa" failures="0" tests="5" name="pkg.Testngdemo" time="0.020" errors="0" timestamp="2023-09-19T12:44:40 IST" skipped="1">
  <testcase classname="pkg.Testngdemo" name="test3" time="0.002"/>
  <testcase classname="pkg.Testngdemo" name="test1" time="0.009"/>
  <testcase classname="pkg.Testngdemo" name="test1" time="0.005"/>
  <testcase classname="pkg.Testngdemo" name="test1" time="0.004"/>
  <testcase classname="pkg.Testngdemo" name="test2">
    <skipped/>
  </testcase> <!-- test2 -->
</testsuite> <!-- pkg.Testngdemo -->
