<?xml version="1.0" encoding="UTF-8"?>
<!-- Generated by org.testng.reporters.JUnitReportReporter -->
<testsuite hostname="raifa" failures="0" tests="1" name="testng.ActionsRDF" time="2.186" errors="0" timestamp="2023-09-21T12:01:23 IST" skipped="0">
  <testcase classname="testng.ActionsRDF" name="test1" time="2.186"/>
</testsuite> <!-- testng.ActionsRDF -->
