<?xml version="1.0" encoding="UTF-8"?>
<!-- Generated by org.testng.reporters.JUnitReportReporter -->
<testsuite hostname="raifa" failures="0" tests="1" name="Test.Fblogintest" time="2.243" errors="0" timestamp="2023-10-03T17:52:02 IST" skipped="0">
  <testcase classname="Test.Fblogintest" name="test1" time="2.243"/>
</testsuite> <!-- Test.Fblogintest -->
