<?xml version="1.0" encoding="UTF-8"?>
<!-- Generated by org.testng.reporters.JUnitReportReporter -->
<testsuite hostname="raifa" failures="0" tests="1" name="testng.Fileupld" time="3.076" errors="0" timestamp="2023-09-26T11:21:54 IST" skipped="0">
  <testcase classname="testng.Fileupld" name="upload" time="3.076"/>
</testsuite> <!-- testng.Fileupld -->
