<?xml version="1.0" encoding="UTF-8"?>
<!-- Generated by org.testng.reporters.JUnitReportReporter -->
<testsuite hostname="raifa" failures="0" tests="3" name="testng.Testnggroup" time="0.019" errors="0" timestamp="2023-09-20T11:59:26 IST" skipped="0">
  <testcase classname="testng.Testnggroup" name="main2" time="0.003"/>
  <testcase classname="testng.Testnggroup" name="main1" time="0.013"/>
  <testcase classname="testng.Testnggroup" name="main4" time="0.003"/>
</testsuite> <!-- testng.Testnggroup -->
