<?xml version="1.0" encoding="UTF-8"?>
<!-- Generated by org.testng.reporters.JUnitReportReporter -->
<testsuite hostname="raifa" failures="0" tests="1" name="testng.Ebay" time="5.615" errors="0" timestamp="2023-09-22T12:49:01 IST" skipped="0">
  <testcase classname="testng.Ebay" name="test1" time="5.615"/>
</testsuite> <!-- testng.Ebay -->
