<?xml version="1.0" encoding="UTF-8"?>
<!-- Generated by org.testng.reporters.JUnitReportReporter -->
<testsuite hostname="raifa" failures="0" tests="1" name="testng.Testlogin" time="5.307" errors="0" timestamp="2023-10-09T16:13:54 IST" skipped="0">
  <testcase classname="testng.Testlogin" name="test1" time="5.307"/>
</testsuite> <!-- testng.Testlogin -->
