<?xml version="1.0" encoding="UTF-8"?>
<!-- Generated by org.testng.reporters.JUnitReportReporter -->
<testsuite hostname="raifa" failures="0" tests="1" name="testng.Amazonhandle" time="13.664" errors="0" timestamp="2023-09-28T11:43:14 IST" skipped="0">
  <testcase classname="testng.Amazonhandle" name="test1" time="13.664"/>
</testsuite> <!-- testng.Amazonhandle -->
