<?xml version="1.0" encoding="UTF-8"?>
<!-- Generated by org.testng.reporters.JUnitReportReporter -->
<testsuite hostname="raifa" failures="0" tests="1" name="testng.Fileupld2" time="4.096" errors="0" timestamp="2023-09-26T11:20:26 IST" skipped="0">
  <testcase classname="testng.Fileupld2" name="test1" time="4.096"/>
</testsuite> <!-- testng.Fileupld2 -->
