<?xml version="1.0" encoding="UTF-8"?>
<!-- Generated by org.testng.reporters.JUnitReportReporter -->
<testsuite hostname="raifa" failures="0" tests="1" name="testng.Saucedemo" time="1.330" errors="0" timestamp="2023-10-09T16:17:55 IST" skipped="0">
  <testcase classname="testng.Saucedemo" name="test1" time="1.330"/>
</testsuite> <!-- testng.Saucedemo -->
