<?xml version="1.0" encoding="UTF-8"?>
<!-- Generated by org.testng.reporters.JUnitReportReporter -->
<testsuite hostname="raifa" failures="0" tests="1" name="testng.Dragdrop" time="9.109" errors="0" timestamp="2023-09-22T13:14:32 IST" skipped="0">
  <testcase classname="testng.Dragdrop" name="dropdrag" time="9.109"/>
</testsuite> <!-- testng.Dragdrop -->
