<?xml version="1.0" encoding="UTF-8"?>
<!-- Generated by org.testng.reporters.JUnitReportReporter -->
<testsuite hostname="raifa" failures="0" tests="1" name="Test.Blazetest" time="2.766" errors="0" timestamp="2023-10-03T17:46:20 IST" skipped="0">
  <testcase classname="Test.Blazetest" name="values" time="2.766"/>
</testsuite> <!-- Test.Blazetest -->
