<?xml version="1.0" encoding="UTF-8"?>
<!-- Generated by org.testng.reporters.JUnitReportReporter -->
<testsuite hostname="raifa" failures="0" tests="3" name="testng.Cbamazon" time="9.267" errors="0" timestamp="2023-09-20T13:14:57 IST" skipped="0">
  <testcase classname="testng.Cbamazon" name="amazon" time="4.678"/>
  <testcase classname="testng.Cbamazon" name="amazon" time="2.281"/>
  <testcase classname="testng.Cbamazon" name="amazon" time="2.308"/>
</testsuite> <!-- testng.Cbamazon -->
