<?xml version="1.0" encoding="UTF-8"?>
<!-- Generated by org.testng.reporters.JUnitReportReporter -->
<testsuite hostname="raifa" failures="0" tests="1" name="testng.Guru99alert" time="0.473" errors="0" timestamp="2023-09-21T13:21:32 IST" skipped="0">
  <testcase classname="testng.Guru99alert" name="click" time="0.473"/>
</testsuite> <!-- testng.Guru99alert -->
